Removed Pin From Net: NetName=NetLED?_2 Pin=LED?-2
Added Component: Designator=Q?(STM-SOT-23-3_V)
Add component. Clean all parameters for all variants
Add component (AddParameter): Name = "ComponentLink1Description"; Value = "Manufacturer URL"; VariantName = "[No Variations]"
Add component (AddParameter): Name = "ComponentLink1URL"; Value = "http://www.st.com/"; VariantName = "[No Variations]"
Add component (AddParameter): Name = "ComponentLink2Description"; Value = "Datasheet"; VariantName = "[No Variations]"
Add component (AddParameter): Name = "ComponentLink2URL"; Value = "http://www.st.com/st-web-ui/static/active/en/resource/technical/document/datasheet/CD00005134.pdf"; VariantName = "[No Variations]"
Add component (AddParameter): Name = "DatasheetVersion"; Value = "Rev. 9, 11/2008"; VariantName = "[No Variations]"
Add component (AddParameter): Name = "Manufacturer"; Value = "STMicroelectronics"; VariantName = "[No Variations]"
Add component (AddParameter): Name = "Mounting Technology"; Value = "Surface Mount"; VariantName = "[No Variations]"
Add component (AddParameter): Name = "PackageDescription"; Value = "3-Pin SOT23, 3.016 x 2.8 mm Body, 0.95 mm Pitch"; VariantName = "[No Variations]"
Add component (AddParameter): Name = "PackageReference"; Value = "SOT-23"; VariantName = "[No Variations]"
Add component (AddParameter): Name = "PartNumber"; Value = "2N7002"; VariantName = "[No Variations]"
Added Component: Designator=Q?(STM-SOT-23-3_V)
Add component. Clean all parameters for all variants
Add component (AddParameter): Name = "ComponentLink1Description"; Value = "Manufacturer URL"; VariantName = "[No Variations]"
Add component (AddParameter): Name = "ComponentLink1URL"; Value = "http://www.st.com/"; VariantName = "[No Variations]"
Add component (AddParameter): Name = "ComponentLink2Description"; Value = "Datasheet"; VariantName = "[No Variations]"
Add component (AddParameter): Name = "ComponentLink2URL"; Value = "http://www.st.com/st-web-ui/static/active/en/resource/technical/document/datasheet/CD00005134.pdf"; VariantName = "[No Variations]"
Add component (AddParameter): Name = "DatasheetVersion"; Value = "Rev. 9, 11/2008"; VariantName = "[No Variations]"
Add component (AddParameter): Name = "Manufacturer"; Value = "STMicroelectronics"; VariantName = "[No Variations]"
Add component (AddParameter): Name = "Mounting Technology"; Value = "Surface Mount"; VariantName = "[No Variations]"
Add component (AddParameter): Name = "PackageDescription"; Value = "3-Pin SOT23, 3.016 x 2.8 mm Body, 0.95 mm Pitch"; VariantName = "[No Variations]"
Add component (AddParameter): Name = "PackageReference"; Value = "SOT-23"; VariantName = "[No Variations]"
Add component (AddParameter): Name = "PartNumber"; Value = "2N7002"; VariantName = "[No Variations]"
Added Component: Designator=Q?(STM-SOT-23-3_V)
Add component. Clean all parameters for all variants
Add component (AddParameter): Name = "ComponentLink1Description"; Value = "Manufacturer URL"; VariantName = "[No Variations]"
Add component (AddParameter): Name = "ComponentLink1URL"; Value = "http://www.st.com/"; VariantName = "[No Variations]"
Add component (AddParameter): Name = "ComponentLink2Description"; Value = "Datasheet"; VariantName = "[No Variations]"
Add component (AddParameter): Name = "ComponentLink2URL"; Value = "http://www.st.com/st-web-ui/static/active/en/resource/technical/document/datasheet/CD00005134.pdf"; VariantName = "[No Variations]"
Add component (AddParameter): Name = "DatasheetVersion"; Value = "Rev. 9, 11/2008"; VariantName = "[No Variations]"
Add component (AddParameter): Name = "Manufacturer"; Value = "STMicroelectronics"; VariantName = "[No Variations]"
Add component (AddParameter): Name = "Mounting Technology"; Value = "Surface Mount"; VariantName = "[No Variations]"
Add component (AddParameter): Name = "PackageDescription"; Value = "3-Pin SOT23, 3.016 x 2.8 mm Body, 0.95 mm Pitch"; VariantName = "[No Variations]"
Add component (AddParameter): Name = "PackageReference"; Value = "SOT-23"; VariantName = "[No Variations]"
Add component (AddParameter): Name = "PartNumber"; Value = "2N7002"; VariantName = "[No Variations]"
Added Component: Designator=Q?(STM-SOT-23-3_V)
Add component. Clean all parameters for all variants
Add component (AddParameter): Name = "ComponentLink1Description"; Value = "Manufacturer URL"; VariantName = "[No Variations]"
Add component (AddParameter): Name = "ComponentLink1URL"; Value = "http://www.st.com/"; VariantName = "[No Variations]"
Add component (AddParameter): Name = "ComponentLink2Description"; Value = "Datasheet"; VariantName = "[No Variations]"
Add component (AddParameter): Name = "ComponentLink2URL"; Value = "http://www.st.com/st-web-ui/static/active/en/resource/technical/document/datasheet/CD00005134.pdf"; VariantName = "[No Variations]"
Add component (AddParameter): Name = "DatasheetVersion"; Value = "Rev. 9, 11/2008"; VariantName = "[No Variations]"
Add component (AddParameter): Name = "Manufacturer"; Value = "STMicroelectronics"; VariantName = "[No Variations]"
Add component (AddParameter): Name = "Mounting Technology"; Value = "Surface Mount"; VariantName = "[No Variations]"
Add component (AddParameter): Name = "PackageDescription"; Value = "3-Pin SOT23, 3.016 x 2.8 mm Body, 0.95 mm Pitch"; VariantName = "[No Variations]"
Add component (AddParameter): Name = "PackageReference"; Value = "SOT-23"; VariantName = "[No Variations]"
Add component (AddParameter): Name = "PartNumber"; Value = "2N7002"; VariantName = "[No Variations]"
Added Component: Designator=Q?(STM-SOT-23-3_V)
Add component. Clean all parameters for all variants
Add component (AddParameter): Name = "ComponentLink1Description"; Value = "Manufacturer URL"; VariantName = "[No Variations]"
Add component (AddParameter): Name = "ComponentLink1URL"; Value = "http://www.st.com/"; VariantName = "[No Variations]"
Add component (AddParameter): Name = "ComponentLink2Description"; Value = "Datasheet"; VariantName = "[No Variations]"
Add component (AddParameter): Name = "ComponentLink2URL"; Value = "http://www.st.com/st-web-ui/static/active/en/resource/technical/document/datasheet/CD00005134.pdf"; VariantName = "[No Variations]"
Add component (AddParameter): Name = "DatasheetVersion"; Value = "Rev. 9, 11/2008"; VariantName = "[No Variations]"
Add component (AddParameter): Name = "Manufacturer"; Value = "STMicroelectronics"; VariantName = "[No Variations]"
Add component (AddParameter): Name = "Mounting Technology"; Value = "Surface Mount"; VariantName = "[No Variations]"
Add component (AddParameter): Name = "PackageDescription"; Value = "3-Pin SOT23, 3.016 x 2.8 mm Body, 0.95 mm Pitch"; VariantName = "[No Variations]"
Add component (AddParameter): Name = "PackageReference"; Value = "SOT-23"; VariantName = "[No Variations]"
Add component (AddParameter): Name = "PartNumber"; Value = "2N7002"; VariantName = "[No Variations]"
Added Component: Designator=R2(RESC1608X55X30NL15T15)
Add component. Clean all parameters for all variants
Add component (AddParameter): Name = "Manufacturer"; Value = "LCSC"; VariantName = "[No Variations]"
Add component (AddParameter): Name = "Parameter 1"; Value = ""; VariantName = "[No Variations]"
Add component (AddParameter): Name = "Part Number"; Value = "0603WAJ0331T5E"; VariantName = "[No Variations]"
Added Component: Designator=R2(RESC1608X55X30NL15T15)
Add component. Clean all parameters for all variants
Add component (AddParameter): Name = "Manufacturer"; Value = "LCSC"; VariantName = "[No Variations]"
Add component (AddParameter): Name = "Part Number"; Value = "0603WAJ0103T5E"; VariantName = "[No Variations]"
Added Component: Designator=R?(RESC1608X55X30NL15T15)
Add component. Clean all parameters for all variants
Add component (AddParameter): Name = "Manufacturer"; Value = "Panasonic"; VariantName = "[No Variations]"
Add component (AddParameter): Name = "Part Number"; Value = "ERJ3EKF3300V"; VariantName = "[No Variations]"
Added Component: Designator=R?(RESC1608X55X30NL15T15)
Add component. Clean all parameters for all variants
Add component (AddParameter): Name = "Manufacturer"; Value = "LCSC"; VariantName = "[No Variations]"
Add component (AddParameter): Name = "Parameter 1"; Value = ""; VariantName = "[No Variations]"
Add component (AddParameter): Name = "Part Number"; Value = "0603WAJ0331T5E"; VariantName = "[No Variations]"
Added Component: Designator=R?(RESC1608X55X30NL15T15)
Add component. Clean all parameters for all variants
Add component (AddParameter): Name = "Manufacturer"; Value = "Panasonic"; VariantName = "[No Variations]"
Add component (AddParameter): Name = "Part Number"; Value = "ERJ3EKF3300V"; VariantName = "[No Variations]"
Added Component: Designator=R?(RESC1608X55X30NL15T15)
Add component. Clean all parameters for all variants
Add component (AddParameter): Name = "Manufacturer"; Value = "LCSC"; VariantName = "[No Variations]"
Add component (AddParameter): Name = "Parameter 1"; Value = ""; VariantName = "[No Variations]"
Add component (AddParameter): Name = "Part Number"; Value = "0603WAJ0331T5E"; VariantName = "[No Variations]"
Added Component: Designator=R?(RESC1608X55X30NL15T15)
Add component. Clean all parameters for all variants
Add component (AddParameter): Name = "Manufacturer"; Value = "LCSC"; VariantName = "[No Variations]"
Add component (AddParameter): Name = "Part Number"; Value = "0603WAJ0103T5E"; VariantName = "[No Variations]"
Added Component: Designator=R?(RESC1608X55X30NL15T15)
Add component. Clean all parameters for all variants
Add component (AddParameter): Name = "Manufacturer"; Value = "LCSC"; VariantName = "[No Variations]"
Add component (AddParameter): Name = "Part Number"; Value = "0603WAJ0103T5E"; VariantName = "[No Variations]"
Added Component: Designator=R?(RESC1608X55X30NL15T15)
Add component. Clean all parameters for all variants
Add component (AddParameter): Name = "Manufacturer"; Value = "LCSC"; VariantName = "[No Variations]"
Add component (AddParameter): Name = "Part Number"; Value = "0603WAJ0103T5E"; VariantName = "[No Variations]"
Added Component: Designator=R?(RESC1608X55X30NL15T15)
Add component. Clean all parameters for all variants
Add component (AddParameter): Name = "Manufacturer"; Value = "LCSC"; VariantName = "[No Variations]"
Add component (AddParameter): Name = "Parameter 1"; Value = ""; VariantName = "[No Variations]"
Add component (AddParameter): Name = "Part Number"; Value = "0603WAJ0331T5E"; VariantName = "[No Variations]"
Added Component: Designator=R?(RESC1608X55X30NL15T15)
Add component. Clean all parameters for all variants
Add component (AddParameter): Name = "Manufacturer"; Value = "LCSC"; VariantName = "[No Variations]"
Add component (AddParameter): Name = "Part Number"; Value = "0603WAJ0103T5E"; VariantName = "[No Variations]"
Added Component: Designator=R?(RESC1608X55X30NL15T15)
Add component. Clean all parameters for all variants
Add component (AddParameter): Name = "Manufacturer"; Value = "LCSC"; VariantName = "[No Variations]"
Add component (AddParameter): Name = "Parameter 1"; Value = ""; VariantName = "[No Variations]"
Add component (AddParameter): Name = "Part Number"; Value = "0603WAJ0331T5E"; VariantName = "[No Variations]"
Added Component: Designator=R?(RESC1608X55X30NL15T15)
Add component. Clean all parameters for all variants
Add component (AddParameter): Name = "Manufacturer"; Value = "LCSC"; VariantName = "[No Variations]"
Add component (AddParameter): Name = "Part Number"; Value = "0603WAJ0103T5E"; VariantName = "[No Variations]"
Added Component: Designator=R?(RESC1608X55X30NL15T15)
Add component. Clean all parameters for all variants
Add component (AddParameter): Name = "Manufacturer"; Value = "LCSC"; VariantName = "[No Variations]"
Add component (AddParameter): Name = "Parameter 1"; Value = ""; VariantName = "[No Variations]"
Add component (AddParameter): Name = "Part Number"; Value = "0603WAJ0331T5E"; VariantName = "[No Variations]"
Added Pin To Net: NetName=NetLED?_2 Pin=LED?-2
Added Pin To Net: NetName=NetQ?_1 Pin=Q?-1
Added Pin To Net: NetName=GND Pin=Q?-2
Added Pin To Net: NetName=GND Pin=Q?-2
Added Pin To Net: NetName=GND Pin=Q?-2
Added Pin To Net: NetName=GND Pin=Q?-2
Added Pin To Net: NetName=GND Pin=Q?-2
Added Pin To Net: NetName=NetP2_1 Pin=Q?-3
Added Pin To Net: NetName=NetP3_1 Pin=Q?-3
Added Pin To Net: NetName=NetP4_1 Pin=Q?-3
Added Pin To Net: NetName=NetP5_1 Pin=Q?-3
Added Pin To Net: NetName=NetP6_1 Pin=Q?-3
Added Pin To Net: NetName=GND Pin=R2-1
Added Pin To Net: NetName=NetP?_3 Pin=R2-1
Added Pin To Net: NetName=NetQ1_1 Pin=R2-2
Added Pin To Net: NetName=NetQ1_1 Pin=R2-2
Added Pin To Net: NetName=+12 Pin=R?-1
Added Pin To Net: NetName=GND Pin=R?-1
Added Pin To Net: NetName=GND Pin=R?-1
Added Pin To Net: NetName=GND Pin=R?-1
Added Pin To Net: NetName=GND Pin=R?-1
Added Pin To Net: NetName=GND Pin=R?-1
Added Pin To Net: NetName=NetP?_3 Pin=R?-1
Added Pin To Net: NetName=NetP?_3 Pin=R?-1
Added Pin To Net: NetName=NetP?_3 Pin=R?-1
Added Pin To Net: NetName=NetP?_3 Pin=R?-1
Added Pin To Net: NetName=NetP?_3 Pin=R?-1
Added Pin To Net: NetName=NetP?_3 Pin=R?-1
Added Pin To Net: NetName=NetLED?_2 Pin=R?-2
Added Pin To Net: NetName=NetQ?_1 Pin=R?-2
Added Pin To Net: NetName=NetQ?_1 Pin=R?-2
Added Member To Class: ClassName=AccumulatorFanController Member=Component LED? 150060RS75000
Added Member To Class: ClassName=AccumulatorFanController Member=Component Q? 2N7002
Added Member To Class: ClassName=AccumulatorFanController Member=Component Q? 2N7002
Added Member To Class: ClassName=AccumulatorFanController Member=Component Q? 2N7002
Added Member To Class: ClassName=AccumulatorFanController Member=Component Q? 2N7002
Added Member To Class: ClassName=AccumulatorFanController Member=Component Q? 2N7002
Added Member To Class: ClassName=AccumulatorFanController Member=Component R2 330R 0603
Added Member To Class: ClassName=AccumulatorFanController Member=Component R2 10KO 0603
Added Member To Class: ClassName=AccumulatorFanController Member=Component R? ERJ3EKF3300V
Added Member To Class: ClassName=AccumulatorFanController Member=Component R? 330R 0603
Added Member To Class: ClassName=AccumulatorFanController Member=Component R? ERJ3EKF3300V
Added Member To Class: ClassName=AccumulatorFanController Member=Component R? 330R 0603
Added Member To Class: ClassName=AccumulatorFanController Member=Component R? 10KO 0603
Added Member To Class: ClassName=AccumulatorFanController Member=Component R? 10KO 0603
Added Member To Class: ClassName=AccumulatorFanController Member=Component R? 10KO 0603
Added Member To Class: ClassName=AccumulatorFanController Member=Component R? 330R 0603
Added Member To Class: ClassName=AccumulatorFanController Member=Component R? 10KO 0603
Added Member To Class: ClassName=AccumulatorFanController Member=Component R? 330R 0603
Added Member To Class: ClassName=AccumulatorFanController Member=Component R? 10KO 0603
Added Member To Class: ClassName=AccumulatorFanController Member=Component R? 330R 0603
Added Room: Name=AccumulatorFanController
